<?xml version="1.0" encoding="UTF-8"?>
<!-- Generated by org.testng.reporters.JUnitXMLReporter -->
<testsuite ignored="0" hostname="Dr_Sameeha" failures="0" tests="8" name="Extend" time="0.22" errors="0" timestamp="2026-01-19T12:19:18 IST">
  <testcase classname="testscripts.BaseClassTestScript" name="@BeforeMethod beforeMethod" time="-1.768805358226E9">
    <failure type="org.testng.TestNGException" message="
Parameter &amp;apos;Broswer&amp;apos; is required by BeforeMethod on method beforeMethod but has not been marked @Optional or defined
in C:\Users\sabin\eclipse-workspace\7rmartsupermarket\ExtendReport.xml">
      <![CDATA[org.testng.TestNGException: 
Parameter 'Broswer' is required by BeforeMethod on method beforeMethod but has not been marked @Optional or defined
in C:\Users\sabin\eclipse-workspace\7rmartsupermarket\ExtendReport.xml
at java.base/java.util.ArrayList.forEach(ArrayList.java:1596)
... Removed 28 stack frames]]>
    </failure>
  </testcase> <!-- @BeforeMethod beforeMethod -->
  <testcase classname="testscripts.BaseClassTestScript" name="@AfterMethod afterMethod" time="0.0">
    <skipped/>
  </testcase> <!-- @AfterMethod afterMethod -->
  <testcase classname="testscripts.BaseClassTestScript" name="@BeforeMethod beforeMethod" time="0.0">
    <skipped/>
  </testcase> <!-- @BeforeMethod beforeMethod -->
  <testcase classname="testscripts.BaseClassTestScript" name="@AfterMethod afterMethod" time="0.0">
    <skipped/>
  </testcase> <!-- @AfterMethod afterMethod -->
  <testcase classname="testscripts.BaseClassTestScript" name="@BeforeMethod beforeMethod" time="0.0">
    <skipped/>
  </testcase> <!-- @BeforeMethod beforeMethod -->
  <testcase classname="testscripts.BaseClassTestScript" name="@AfterMethod afterMethod" time="0.0">
    <skipped/>
  </testcase> <!-- @AfterMethod afterMethod -->
  <testcase classname="testscripts.BaseClassTestScript" name="@BeforeMethod beforeMethod" time="0.0">
    <skipped/>
  </testcase> <!-- @BeforeMethod beforeMethod -->
  <testcase classname="testscripts.BaseClassTestScript" name="@AfterMethod afterMethod" time="0.0">
    <skipped/>
  </testcase> <!-- @AfterMethod afterMethod -->
  <testcase classname="testscripts.BaseClassTestScript" name="@BeforeMethod beforeMethod" time="0.0">
    <skipped/>
  </testcase> <!-- @BeforeMethod beforeMethod -->
  <testcase classname="testscripts.BaseClassTestScript" name="@AfterMethod afterMethod" time="0.0">
    <skipped/>
  </testcase> <!-- @AfterMethod afterMethod -->
  <testcase classname="testscripts.BaseClassTestScript" name="@BeforeMethod beforeMethod" time="0.0">
    <skipped/>
  </testcase> <!-- @BeforeMethod beforeMethod -->
  <testcase classname="testscripts.BaseClassTestScript" name="@AfterMethod afterMethod" time="0.0">
    <skipped/>
  </testcase> <!-- @AfterMethod afterMethod -->
  <testcase classname="testscripts.BaseClassTestScript" name="@BeforeMethod beforeMethod" time="0.0">
    <skipped/>
  </testcase> <!-- @BeforeMethod beforeMethod -->
  <testcase classname="testscripts.BaseClassTestScript" name="@AfterMethod afterMethod" time="0.0">
    <skipped/>
  </testcase> <!-- @AfterMethod afterMethod -->
  <testcase classname="testscripts.BaseClassTestScript" name="@BeforeMethod beforeMethod" time="0.0">
    <skipped/>
  </testcase> <!-- @BeforeMethod beforeMethod -->
  <testcase classname="testscripts.BaseClassTestScript" name="@AfterMethod afterMethod" time="0.0">
    <skipped/>
  </testcase> <!-- @AfterMethod afterMethod -->
  <testcase classname="testscripts.LoginPageTestScript" name="verifyusernameandpassword" time="0.001">
    <skipped/>
  </testcase> <!-- verifyusernameandpassword -->
  <testcase classname="testscripts.LoginPageTestScript" name="verifycurrectusernameandwrongpassword" time="0.001">
    <skipped/>
  </testcase> <!-- verifycurrectusernameandwrongpassword -->
  <testcase classname="testscripts.LoginPageTestScript" name="verifywrongusernameandcurrectpassword" time="0.0">
    <skipped/>
  </testcase> <!-- verifywrongusernameandcurrectpassword -->
  <testcase classname="testscripts.LoginPageTestScript" name="verifywrongusernameandwrongpassword" time="0.001">
    <skipped/>
  </testcase> <!-- verifywrongusernameandwrongpassword -->
  <testcase classname="testscripts.LoginPageTestScript" name="verifyDataProviderExecution" time="0.001">
    <skipped/>
  </testcase> <!-- verifyDataProviderExecution -->
  <testcase classname="testscripts.LoginPageTestScript" name="verifyDataProviderExecution" time="0.001">
    <skipped/>
  </testcase> <!-- verifyDataProviderExecution -->
  <testcase classname="testscripts.LoginPageTestScript" name="verifyDataProviderExecution" time="0.001">
    <skipped/>
  </testcase> <!-- verifyDataProviderExecution -->
  <testcase classname="testscripts.LoginPageTestScript" name="verifyDataProviderExecution" time="0.0">
    <skipped/>
  </testcase> <!-- verifyDataProviderExecution -->
</testsuite> <!-- Extend -->
